<?xml version="1.0" encoding="UTF-8"?>
<!-- Generated by org.testng.reporters.JUnitReportReporter -->
<testsuite hostname="DESKTOP-5S4BVUO" failures="0" tests="1" name="com.vtiger.practice.CreateContactTest" time="24.150" errors="0" timestamp="2022-05-30T15:36:45 IST" skipped="0">
  <testcase classname="com.vtiger.practice.CreateContactTest" name="createContactTest" time="24.150"/>
  <system-out/>
</testsuite> <!-- com.vtiger.practice.CreateContactTest -->
