<?xml version="1.0" encoding="UTF-8"?>
<!-- Generated by org.testng.reporters.JUnitReportReporter -->
<testsuite hostname="DESKTOP-5S4BVUO" failures="0" tests="1" name="com.vtiger.practice.PracticeClassTest" time="0.136" errors="0" timestamp="2022-05-30T15:29:17 IST" skipped="0">
  <testcase classname="com.vtiger.practice.PracticeClassTest" name="practiceMethodTest" time="0.136"/>
  <system-out>
    <![CDATA[testNg practice class
test case is passed]]>
  </system-out>
</testsuite> <!-- com.vtiger.practice.PracticeClassTest -->
