<?xml version="1.0" encoding="UTF-8"?>
<!-- Generated by org.testng.reporters.JUnitReportReporter -->
<testsuite hostname="DESKTOP-5S4BVUO" failures="0" tests="1" name="com.vtiger.practice.LoginTest" time="7.041" errors="0" timestamp="2022-05-30T15:33:41 IST" skipped="0">
  <testcase classname="com.vtiger.practice.LoginTest" name="loginTest" time="7.041"/>
  <system-out/>
</testsuite> <!-- com.vtiger.practice.LoginTest -->
